<?xml version="1.0" encoding="UTF-8"?>
<testng-results ignored="0" total="3" passed="2" failed="1" skipped="0">
  <reporter-output>
  </reporter-output>
  <suite started-at="2021-04-18T04:50:51Z" name="Phase 2 Assessment Suite" finished-at="2021-04-18T04:51:53Z" duration-ms="61830">
    <groups>
      <group name="cucumber">
        <method signature="AbstractTestNGCucumberTests.runScenario(io.cucumber.testng.PickleWrapper, io.cucumber.testng.FeatureWrapper)[pri:0, instance:com.pedidosya.runner.testRunner@433defed]" name="runScenario" class="io.cucumber.testng.AbstractTestNGCucumberTests"/>
      </group> <!-- cucumber -->
    </groups>
    <test started-at="2021-04-18T04:50:51Z" name="Test run" finished-at="2021-04-18T04:51:53Z" duration-ms="61830">
      <class name="com.pedidosya.runner.testRunner">
        <test-method is-config="true" signature="setUpClass()[pri:0, instance:com.pedidosya.runner.testRunner@433defed]" started-at="2021-04-18T04:50:51Z" name="setUpClass" finished-at="2021-04-18T04:50:53Z" duration-ms="1952" status="PASS">
          <reporter-output>
          </reporter-output>
        </test-method> <!-- setUpClass -->
        <test-method signature="runScenario(io.cucumber.testng.PickleWrapper, io.cucumber.testng.FeatureWrapper)[pri:0, instance:com.pedidosya.runner.testRunner@433defed]" started-at="2021-04-18T04:50:53Z" name="runScenario" description="Runs Cucumber Scenarios" data-provider="scenarios" finished-at="2021-04-18T04:51:05Z" duration-ms="11966" status="PASS">
          <params>
            <param index="0">
              <value>
                <![CDATA["Login"]]>
              </value>
            </param>
            <param index="1">
              <value>
                <![CDATA["Optional[Login page feature]"]]>
              </value>
            </param>
          </params>
          <reporter-output>
          </reporter-output>
        </test-method> <!-- runScenario -->
        <test-method signature="runScenario(io.cucumber.testng.PickleWrapper, io.cucumber.testng.FeatureWrapper)[pri:0, instance:com.pedidosya.runner.testRunner@433defed]" started-at="2021-04-18T04:51:05Z" name="runScenario" description="Runs Cucumber Scenarios" data-provider="scenarios" finished-at="2021-04-18T04:51:22Z" duration-ms="16793" status="PASS">
          <params>
            <param index="0">
              <value>
                <![CDATA["Set location"]]>
              </value>
            </param>
            <param index="1">
              <value>
                <![CDATA["Optional[Login page feature]"]]>
              </value>
            </param>
          </params>
          <reporter-output>
          </reporter-output>
        </test-method> <!-- runScenario -->
        <test-method signature="runScenario(io.cucumber.testng.PickleWrapper, io.cucumber.testng.FeatureWrapper)[pri:0, instance:com.pedidosya.runner.testRunner@433defed]" started-at="2021-04-18T04:51:22Z" name="runScenario" description="Runs Cucumber Scenarios" data-provider="scenarios" finished-at="2021-04-18T04:51:49Z" duration-ms="27188" status="FAIL">
          <params>
            <param index="0">
              <value>
                <![CDATA["Order food and checkout"]]>
              </value>
            </param>
            <param index="1">
              <value>
                <![CDATA["Optional[Order food and checkout page feature]"]]>
              </value>
            </param>
          </params>
          <exception class="org.openqa.selenium.NoSuchElementException">
            <message>
              <![CDATA[no such element: Unable to locate element: {"method":"css selector","selector":"body.inner.profile.peya.ar.user_is_not_logged.locationMyAccount.locationTestTop.locationProfile:nth-child(2) div.row.rowContainer:nth-child(19) section.medium-8.columns section.tab-panel.tab-active:nth-child(1) div.sectionContainer section.menuSectionContainer.seek:nth-child(4) div.section_animated:nth-child(3) ul.highlight_list li.peyaCard.product-full-card.product.most div.content.full-card-empty:nth-child(3) > h4.productName"}
  (Session info: chrome=89.0.4389.128)
For documentation on this error, please visit: https://www.seleniumhq.org/exceptions/no_such_element.html
Build info: version: '3.141.59', revision: 'e82be7d358', time: '2018-11-14T08:17:03'
System info: host: 'DESKTOP-EER3MNQ', ip: '192.168.1.64', os.name: 'Windows 10', os.arch: 'amd64', os.version: '10.0', java.version: '15.0.1'
Driver info: org.openqa.selenium.chrome.ChromeDriver
Capabilities {acceptInsecureCerts: false, browserName: chrome, browserVersion: 89.0.4389.128, chrome: {chromedriverVersion: 88.0.4324.96 (68dba2d8a0b14..., userDataDir: C:\Users\Damian\AppData\Loc...}, goog:chromeOptions: {debuggerAddress: localhost:61303}, javascriptEnabled: true, networkConnectionEnabled: false, pageLoadStrategy: normal, platform: WINDOWS, platformName: WINDOWS, proxy: Proxy(), setWindowRect: true, strictFileInteractability: false, timeouts: {implicit: 0, pageLoad: 300000, script: 30000}, unhandledPromptBehavior: dismiss and notify, webauthn:extension:largeBlob: true, webauthn:virtualAuthenticators: true}
Session ID: c38b6766f9b8b2faac58e16bf169e3a0
*** Element info: {Using=css selector, value=body.inner.profile.peya.ar.user_is_not_logged.locationMyAccount.locationTestTop.locationProfile:nth-child(2) div.row.rowContainer:nth-child(19) section.medium-8.columns section.tab-panel.tab-active:nth-child(1) div.sectionContainer section.menuSectionContainer.seek:nth-child(4) div.section_animated:nth-child(3) ul.highlight_list li.peyaCard.product-full-card.product.most div.content.full-card-empty:nth-child(3) > h4.productName}]]>
            </message>
            <full-stacktrace>
              <![CDATA[org.openqa.selenium.NoSuchElementException: no such element: Unable to locate element: {"method":"css selector","selector":"body.inner.profile.peya.ar.user_is_not_logged.locationMyAccount.locationTestTop.locationProfile:nth-child(2) div.row.rowContainer:nth-child(19) section.medium-8.columns section.tab-panel.tab-active:nth-child(1) div.sectionContainer section.menuSectionContainer.seek:nth-child(4) div.section_animated:nth-child(3) ul.highlight_list li.peyaCard.product-full-card.product.most div.content.full-card-empty:nth-child(3) > h4.productName"}
  (Session info: chrome=89.0.4389.128)
For documentation on this error, please visit: https://www.seleniumhq.org/exceptions/no_such_element.html
Build info: version: '3.141.59', revision: 'e82be7d358', time: '2018-11-14T08:17:03'
System info: host: 'DESKTOP-EER3MNQ', ip: '192.168.1.64', os.name: 'Windows 10', os.arch: 'amd64', os.version: '10.0', java.version: '15.0.1'
Driver info: org.openqa.selenium.chrome.ChromeDriver
Capabilities {acceptInsecureCerts: false, browserName: chrome, browserVersion: 89.0.4389.128, chrome: {chromedriverVersion: 88.0.4324.96 (68dba2d8a0b14..., userDataDir: C:\Users\Damian\AppData\Loc...}, goog:chromeOptions: {debuggerAddress: localhost:61303}, javascriptEnabled: true, networkConnectionEnabled: false, pageLoadStrategy: normal, platform: WINDOWS, platformName: WINDOWS, proxy: Proxy(), setWindowRect: true, strictFileInteractability: false, timeouts: {implicit: 0, pageLoad: 300000, script: 30000}, unhandledPromptBehavior: dismiss and notify, webauthn:extension:largeBlob: true, webauthn:virtualAuthenticators: true}
Session ID: c38b6766f9b8b2faac58e16bf169e3a0
*** Element info: {Using=css selector, value=body.inner.profile.peya.ar.user_is_not_logged.locationMyAccount.locationTestTop.locationProfile:nth-child(2) div.row.rowContainer:nth-child(19) section.medium-8.columns section.tab-panel.tab-active:nth-child(1) div.sectionContainer section.menuSectionContainer.seek:nth-child(4) div.section_animated:nth-child(3) ul.highlight_list li.peyaCard.product-full-card.product.most div.content.full-card-empty:nth-child(3) > h4.productName}
at java.base/jdk.internal.reflect.NativeConstructorAccessorImpl.newInstance0(Native Method)
at java.base/jdk.internal.reflect.NativeConstructorAccessorImpl.newInstance(NativeConstructorAccessorImpl.java:64)
at java.base/jdk.internal.reflect.DelegatingConstructorAccessorImpl.newInstance(DelegatingConstructorAccessorImpl.java:45)
at java.base/java.lang.reflect.Constructor.newInstanceWithCaller(Constructor.java:500)
at java.base/java.lang.reflect.Constructor.newInstance(Constructor.java:481)
at org.openqa.selenium.remote.http.W3CHttpResponseCodec.createException(W3CHttpResponseCodec.java:187)
at org.openqa.selenium.remote.http.W3CHttpResponseCodec.decode(W3CHttpResponseCodec.java:122)
at org.openqa.selenium.remote.http.W3CHttpResponseCodec.decode(W3CHttpResponseCodec.java:49)
at org.openqa.selenium.remote.HttpCommandExecutor.execute(HttpCommandExecutor.java:158)
at org.openqa.selenium.remote.service.DriverCommandExecutor.execute(DriverCommandExecutor.java:83)
at org.openqa.selenium.remote.RemoteWebDriver.execute(RemoteWebDriver.java:552)
at org.openqa.selenium.remote.RemoteWebDriver.findElement(RemoteWebDriver.java:323)
at org.openqa.selenium.remote.RemoteWebDriver.findElementByCssSelector(RemoteWebDriver.java:420)
at org.openqa.selenium.By$ByCssSelector.findElement(By.java:431)
at org.openqa.selenium.remote.RemoteWebDriver.findElement(RemoteWebDriver.java:315)
at com.pedidosya.stepsDefinitions.StepsDefinitions.user_selects_the_option(StepsDefinitions.java:154)
at ✽.User selects the option "Rabas"(file:///E:/Simplilearn/Project2-Assessment-A/./features/assessment-orderfoodandcheckout.feature:6)
]]>
            </full-stacktrace>
          </exception> <!-- org.openqa.selenium.NoSuchElementException -->
          <reporter-output>
          </reporter-output>
        </test-method> <!-- runScenario -->
        <test-method is-config="true" signature="tearDownClass()[pri:0, instance:com.pedidosya.runner.testRunner@433defed]" started-at="2021-04-18T04:51:49Z" name="tearDownClass" finished-at="2021-04-18T04:51:53Z" duration-ms="3879" status="PASS">
          <reporter-output>
          </reporter-output>
        </test-method> <!-- tearDownClass -->
      </class> <!-- com.pedidosya.runner.testRunner -->
    </test> <!-- Test run -->
  </suite> <!-- Phase 2 Assessment Suite -->
</testng-results>
