<?xml version="1.0" encoding="UTF-8"?>
<testng-results ignored="0" total="3" passed="3" failed="0" skipped="0">
  <reporter-output>
  </reporter-output>
  <suite started-at="2021-04-11T23:28:34Z" name="Phase 2 Assessment Suite" finished-at="2021-04-11T23:29:23Z" duration-ms="48974">
    <groups>
      <group name="cucumber">
        <method signature="AbstractTestNGCucumberTests.runScenario(io.cucumber.testng.PickleWrapper, io.cucumber.testng.FeatureWrapper)[pri:0, instance:com.pedidosya.runner.testRunner@3cce5371]" name="runScenario" class="io.cucumber.testng.AbstractTestNGCucumberTests"/>
      </group> <!-- cucumber -->
    </groups>
    <test started-at="2021-04-11T23:28:34Z" name="Test run" finished-at="2021-04-11T23:29:23Z" duration-ms="48974">
      <class name="com.pedidosya.runner.testRunner">
        <test-method is-config="true" signature="setUpClass()[pri:0, instance:com.pedidosya.runner.testRunner@3cce5371]" started-at="2021-04-11T23:28:34Z" name="setUpClass" finished-at="2021-04-11T23:28:34Z" duration-ms="594" status="PASS">
          <reporter-output>
          </reporter-output>
        </test-method> <!-- setUpClass -->
        <test-method signature="runScenario(io.cucumber.testng.PickleWrapper, io.cucumber.testng.FeatureWrapper)[pri:0, instance:com.pedidosya.runner.testRunner@3cce5371]" started-at="2021-04-11T23:28:34Z" name="runScenario" description="Runs Cucumber Scenarios" data-provider="scenarios" finished-at="2021-04-11T23:28:44Z" duration-ms="9560" status="PASS">
          <params>
            <param index="0">
              <value>
                <![CDATA["Login"]]>
              </value>
            </param>
            <param index="1">
              <value>
                <![CDATA["Optional[Login page feature]"]]>
              </value>
            </param>
          </params>
          <reporter-output>
          </reporter-output>
        </test-method> <!-- runScenario -->
        <test-method signature="runScenario(io.cucumber.testng.PickleWrapper, io.cucumber.testng.FeatureWrapper)[pri:0, instance:com.pedidosya.runner.testRunner@3cce5371]" started-at="2021-04-11T23:28:44Z" name="runScenario" description="Runs Cucumber Scenarios" data-provider="scenarios" finished-at="2021-04-11T23:28:59Z" duration-ms="15056" status="PASS">
          <params>
            <param index="0">
              <value>
                <![CDATA["Set location"]]>
              </value>
            </param>
            <param index="1">
              <value>
                <![CDATA["Optional[Login page feature]"]]>
              </value>
            </param>
          </params>
          <reporter-output>
          </reporter-output>
        </test-method> <!-- runScenario -->
        <test-method signature="runScenario(io.cucumber.testng.PickleWrapper, io.cucumber.testng.FeatureWrapper)[pri:0, instance:com.pedidosya.runner.testRunner@3cce5371]" started-at="2021-04-11T23:28:59Z" name="runScenario" description="Runs Cucumber Scenarios" data-provider="scenarios" finished-at="2021-04-11T23:29:20Z" duration-ms="20570" status="PASS">
          <params>
            <param index="0">
              <value>
                <![CDATA["Order food and checkout"]]>
              </value>
            </param>
            <param index="1">
              <value>
                <![CDATA["Optional[Order food and checkout page feature]"]]>
              </value>
            </param>
          </params>
          <reporter-output>
          </reporter-output>
        </test-method> <!-- runScenario -->
        <test-method is-config="true" signature="tearDownClass()[pri:0, instance:com.pedidosya.runner.testRunner@3cce5371]" started-at="2021-04-11T23:29:20Z" name="tearDownClass" finished-at="2021-04-11T23:29:23Z" duration-ms="3162" status="PASS">
          <reporter-output>
          </reporter-output>
        </test-method> <!-- tearDownClass -->
      </class> <!-- com.pedidosya.runner.testRunner -->
    </test> <!-- Test run -->
  </suite> <!-- Phase 2 Assessment Suite -->
</testng-results>
